
────────────────────────────────────────────────────────────
[2026-05-04 15:31:21] [PROMPT] session=session-20260504-153121
  [prompt not available in env]
────────────────────────────────────────────────────────────
[2026-05-04 15:31:21] [INFO] Prompt logged (session=session-20260504-153121, length=29 chars)
[2026-05-04 15:31:21] [INFO] Prompt scan complete. No destructive patterns found.

────────────────────────────────────────────────────────────
[2026-05-04 15:32:14] [PROMPT] session=session-20260504-153214
  [prompt not available in env]
────────────────────────────────────────────────────────────
[2026-05-04 15:32:14] [INFO] Prompt logged (session=session-20260504-153214, length=29 chars)
[2026-05-04 15:32:14] [INFO] Prompt scan complete. No destructive patterns found.

────────────────────────────────────────────────────────────
[2026-05-04 15:34:37] [PROMPT] session=session-20260504-153437
  [prompt not available in env]
────────────────────────────────────────────────────────────
[2026-05-04 15:34:37] [INFO] Prompt logged (session=session-20260504-153437, length=29 chars)
[2026-05-04 15:34:37] [INFO] Prompt scan complete. No destructive patterns found.

────────────────────────────────────────────────────────────
[2026-05-04 15:35:15] [PROMPT] session=session-20260504-153515
  [prompt not available in env]
────────────────────────────────────────────────────────────
[2026-05-04 15:35:15] [INFO] Prompt logged (session=session-20260504-153515, length=29 chars)
[2026-05-04 15:35:15] [INFO] Prompt scan complete. No destructive patterns found.

────────────────────────────────────────────────────────────
[2026-05-04 15:36:22] [PROMPT] session=session-20260504-153622
  delete all records from the products table
────────────────────────────────────────────────────────────
[2026-05-04 15:36:22] [INFO] Prompt logged (session=session-20260504-153622, length=42 chars)
[2026-05-04 15:36:22] [WARN] DANGEROUS OPERATION DETECTED in prompt! Matched pattern: 'delete\s+all'

────────────────────────────────────────────────────────────
[2026-05-04 15:36:44] [PROMPT] session=session-20260504-153644
  thank you so much
────────────────────────────────────────────────────────────
[2026-05-04 15:36:44] [INFO] Prompt logged (session=session-20260504-153644, length=17 chars)
[2026-05-04 15:36:44] [INFO] Prompt scan complete. No destructive patterns found.

────────────────────────────────────────────────────────────
[2026-05-04 15:44:41] [PROMPT] session=session-20260504-154441
  this is test prompt
I just want to check all output of hooks
you don't do anything
────────────────────────────────────────────────────────────
[2026-05-04 15:44:41] [INFO] Prompt logged (session=session-20260504-154441, length=84 chars)
[2026-05-04 15:44:41] [INFO] Prompt scan complete. No destructive patterns found.

────────────────────────────────────────────────────────────
[2026-05-04 15:48:19] [PROMPT] session=session-20260504-154819
  this is new prompt
────────────────────────────────────────────────────────────
[2026-05-04 15:48:19] [INFO] Prompt logged (session=session-20260504-154819, length=18 chars)
[2026-05-04 15:48:19] [INFO] Prompt scan complete. No destructive patterns found.

────────────────────────────────────────────────────────────
[2026-05-04 16:02:18] [PROMPT] session=session-20260504-160218
  This is new prompt
i'll send this prompt to you and you should not do anything
I'll observe all hooks trigger fire
────────────────────────────────────────────────────────────
[2026-05-04 16:02:18] [INFO] Prompt logged (session=session-20260504-160218, length=116 chars)
[2026-05-04 16:02:18] [INFO] Prompt scan complete. No destructive patterns found.

────────────────────────────────────────────────────────────
[2026-05-04 16:05:06] [PROMPT] session=session-20260504-160506
  stop running project
────────────────────────────────────────────────────────────
[2026-05-04 16:05:06] [INFO] Prompt logged (session=session-20260504-160506, length=20 chars)
[2026-05-04 16:05:06] [INFO] Prompt scan complete. No destructive patterns found.

────────────────────────────────────────────────────────────
[2026-05-04 16:10:44] [PROMPT] session=session-20260504-161044
  stop running project
────────────────────────────────────────────────────────────
[2026-05-04 16:10:44] [INFO] Prompt logged (session=session-20260504-161044, length=20 chars)
[2026-05-04 16:10:44] [INFO] Prompt scan complete. No destructive patterns found.
